<?xml version="1.0" encoding="UTF-8"?>
<testsuite xmlns:xsi="http://www.w3.org/2001/XMLSchema-instance" xsi:noNamespaceSchemaLocation="https://maven.apache.org/surefire/maven-surefire-plugin/xsd/surefire-test-report.xsd" version="3.0.2" name="br.com.fiap.pagamento.PagamentoControllerTest" time="6.401" tests="3" errors="0" skipped="0" failures="0">
  <properties>
[...]
</properties>
  <testcase name="testProcessarPagamento" classname="br.com.fiap.pagamento.PagamentoControllerTest" time="0.664">
    <system-out><![CDATA[20:28:14.024 [main] INFO org.springframework.test.context.support.AnnotationConfigContextLoaderUtils -- Could not detect default configuration classes for test class [br.com.fiap.pagamento.PagamentoControllerTest]: PagamentoControllerTest does not declare any static, non-private, non-final, nested classes annotated with @Configuration.
20:28:14.353 [main] INFO org.springframework.boot.test.context.SpringBootTestContextBootstrapper -- Found @SpringBootConfiguration br.com.fiap.pagamento.PagamentoApplication for test class br.com.fiap.pagamento.PagamentoControllerTest

  .   ____          _            __ _ _
 /\\ / ___'_ __ _ _(_)_ __  __ _ \ \ \ \
( ( )\___ | '_ | '_| | '_ \/ _` | \ \ \ \
 \\/  ___)| |_)| | | | | || (_| |  ) ) ) )
  '  |____| .__|_| |_|_| |_\__, | / / / /
 =========|_|==============|___/=/_/_/_/

 :: Spring Boot ::                (v3.4.1)

2025-05-20T20:28:15.430-03:00  INFO 36596 --- [PagamentoAplication] [           main] b.c.f.pagamento.PagamentoControllerTest  : Starting PagamentoControllerTest using Java 21.0.7 with PID 36596 (started by fmoni in C:\Users\fmoni\OneDrive\Documents\FIAP_PosGraducao\PagamentoApplication\PagamentoApplication)
2025-05-20T20:28:15.433-03:00  INFO 36596 --- [PagamentoAplication] [           main] b.c.f.pagamento.PagamentoControllerTest  : No active profile set, falling back to 1 default profile: "default"
2025-05-20T20:28:19.124-03:00  INFO 36596 --- [PagamentoAplication] [           main] o.s.b.t.m.w.SpringBootMockServletContext : Initializing Spring TestDispatcherServlet ''
2025-05-20T20:28:19.125-03:00  INFO 36596 --- [PagamentoAplication] [           main] o.s.t.web.servlet.TestDispatcherServlet  : Initializing Servlet ''
2025-05-20T20:28:19.131-03:00  INFO 36596 --- [PagamentoAplication] [           main] o.s.t.web.servlet.TestDispatcherServlet  : Completed initialization in 2 ms
2025-05-20T20:28:19.209-03:00  INFO 36596 --- [PagamentoAplication] [           main] b.c.f.pagamento.PagamentoControllerTest  : Started PagamentoControllerTest in 4.639 seconds (process running for 6.971)
]]></system-out>
    <system-err><![CDATA[Mockito is currently self-attaching to enable the inline-mock-maker. This will no longer work in future releases of the JDK. Please add Mockito as an agent to your build what is described in Mockito's documentation: https://javadoc.io/doc/org.mockito/mockito-core/latest/org/mockito/Mockito.html#0.3
WARNING: A Java agent has been loaded dynamically (C:\Users\fmoni\.m2\repository\net\bytebuddy\byte-buddy-agent\1.15.11\byte-buddy-agent-1.15.11.jar)
WARNING: If a serviceability tool is in use, please run with -XX:+EnableDynamicAgentLoading to hide this warning
WARNING: If a serviceability tool is not in use, please run with -Djdk.instrument.traceUsage for more information
WARNING: Dynamic loading of agents will be disallowed by default in a future release
]]></system-err>
  </testcase>
  <testcase name="testListarTodos" classname="br.com.fiap.pagamento.PagamentoControllerTest" time="0.023"/>
  <testcase name="testBuscarPorPedido" classname="br.com.fiap.pagamento.PagamentoControllerTest" time="0.024"/>
</testsuite>